<?xml version="1.0" encoding="utf-8"?><testsuites name="pytest tests"><testsuite name="pytest" errors="0" failures="0" skipped="0" tests="8" time="4.112" timestamp="2026-04-25T21:25:35.332055+00:00" hostname="agent-env-b2dbc7f3-6792-4deb-8881-d2b99aec76e5"><testcase classname="backend.tests.test_compliance.TestPolicyEndpoint" name="test_policy_is_public_no_auth" time="0.200" /><testcase classname="backend.tests.test_compliance.TestPolicyEndpoint" name="test_policy_full_schema" time="0.052" /><testcase classname="backend.tests.test_compliance.TestPolicyEndpoint" name="test_first_principle_exact" time="0.053" /><testcase classname="backend.tests.test_compliance.TestDeleteAccount" name="test_delete_requires_auth" time="0.052" /><testcase classname="backend.tests.test_compliance.TestDeleteAccount" name="test_delete_with_invalid_token" time="0.062" /><testcase classname="backend.tests.test_compliance.TestDeleteAccount" name="test_full_delete_cascade" time="1.088" /><testcase classname="backend.tests.test_compliance.TestAIComplianceMessages" name="test_generate_message_no_spam_phrases" time="2.456" /><testcase classname="backend.tests.test_compliance.TestAIComplianceMessages" name="test_lead_scoring_emits_spam_fields" time="0.062" /></testsuite></testsuites>