<?xml version="1.0" encoding="utf-8"?><testsuites name="pytest tests"><testsuite name="pytest" errors="0" failures="0" skipped="0" tests="13" time="12.162" timestamp="2026-04-25T20:55:56.930285+00:00" hostname="agent-env-b2dbc7f3-6792-4deb-8881-d2b99aec76e5"><testcase classname="backend.tests.test_billing" name="test_plans_public" time="0.233" /><testcase classname="backend.tests.test_billing" name="test_billing_me_requires_auth" time="0.128" /><testcase classname="backend.tests.test_billing" name="test_billing_me_existing_user_pro_trial" time="0.491" /><testcase classname="backend.tests.test_billing" name="test_billing_me_fresh_user_free_limits" time="0.482" /><testcase classname="backend.tests.test_billing" name="test_create_subscription_invalid_tier" time="0.106" /><testcase classname="backend.tests.test_billing" name="test_create_subscription_demo_mode_and_persist" time="0.267" /><testcase classname="backend.tests.test_billing" name="test_create_subscription_requires_auth" time="0.178" /><testcase classname="backend.tests.test_billing" name="test_fetch_leads_uses_tier_limit" time="9.277" /><testcase classname="backend.tests.test_billing" name="test_verify_when_razorpay_disabled" time="0.132" /><testcase classname="backend.tests.test_billing" name="test_cancel_subscription_demo" time="0.418" /><testcase classname="backend.tests.test_billing" name="test_cancel_requires_auth" time="0.126" /><testcase classname="backend.tests.test_billing" name="test_webhook_processes_event_no_secret" time="0.106" /><testcase classname="backend.tests.test_billing" name="test_webhook_invalid_json" time="0.122" /></testsuite></testsuites>