<?xml version="1.0" encoding="utf-8"?><testsuites name="pytest tests"><testsuite name="pytest" errors="0" failures="0" skipped="0" tests="8" time="7.557" timestamp="2026-04-26T04:36:27.612023+00:00" hostname="agent-env-b2dbc7f3-6792-4deb-8881-d2b99aec76e5"><testcase classname="backend.tests.test_iter5.TestPolicyThirdParty" name="test_policy_public_and_has_5_disclaimers" time="0.188" /><testcase classname="backend.tests.test_iter5.TestEvents" name="test_track_requires_auth" time="0.066" /><testcase classname="backend.tests.test_iter5.TestEvents" name="test_summary_requires_auth" time="0.051" /><testcase classname="backend.tests.test_iter5.TestEvents" name="test_track_disallowed_event_returns_400" time="0.329" /><testcase classname="backend.tests.test_iter5.TestEvents" name="test_track_strips_pii_from_meta" time="0.118" /><testcase classname="backend.tests.test_iter5.TestEvents" name="test_summary_returns_counts" time="0.055" /><testcase classname="backend.tests.test_iter5.TestAIMessage" name="test_generate_message_caps_and_no_spam" time="2.814" /><testcase classname="backend.tests.test_iter5.TestHappyPathAndDelete" name="test_full_flow_and_cascade_delete" time="3.837" /></testsuite></testsuites>