<?xml version="1.0" encoding="utf-8"?><testsuites name="pytest tests"><testsuite name="pytest" errors="0" failures="0" skipped="0" tests="9" time="1.700" timestamp="2026-04-25T17:13:30.111099+00:00" hostname="agent-env-b2dbc7f3-6792-4deb-8881-d2b99aec76e5"><testcase classname="backend.tests.test_new_features.TestSocialAuth" name="test_google_session_invalid_id_returns_401" time="0.404" /><testcase classname="backend.tests.test_new_features.TestSocialAuth" name="test_google_session_missing_session_id" time="0.045" /><testcase classname="backend.tests.test_new_features.TestSocialAuth" name="test_apple_invalid_token_returns_401" time="0.243" /><testcase classname="backend.tests.test_new_features.TestSocialAuth" name="test_apple_missing_token" time="0.051" /><testcase classname="backend.tests.test_new_features.TestLeadVerification" name="test_fetch_returns_spam_fields" time="0.373" /><testcase classname="backend.tests.test_new_features.TestLeadVerification" name="test_run_verification_demo_mode" time="0.161" /><testcase classname="backend.tests.test_new_features.TestLeadVerification" name="test_mark_verified_toggle" time="0.160" /><testcase classname="backend.tests.test_new_features.TestLeadVerification" name="test_verify_endpoints_require_auth" time="0.088" /><testcase classname="backend.tests.test_new_features.TestLeadVerification" name="test_verify_404_for_missing_lead" time="0.093" /></testsuite></testsuites>