<?xml version="1.0" encoding="utf-8"?><testsuites name="pytest tests"><testsuite name="pytest" errors="0" failures="0" skipped="0" tests="34" time="13.024" timestamp="2026-04-25T16:54:55.467038+00:00" hostname="agent-env-b2dbc7f3-6792-4deb-8881-d2b99aec76e5"><testcase classname="backend.tests.test_leadforge_api.TestAuth" name="test_register_duplicate_rejected" time="0.460" /><testcase classname="backend.tests.test_leadforge_api.TestAuth" name="test_login_success" time="0.268" /><testcase classname="backend.tests.test_leadforge_api.TestAuth" name="test_login_bad_password" time="0.271" /><testcase classname="backend.tests.test_leadforge_api.TestAuth" name="test_me_requires_token" time="0.053" /><testcase classname="backend.tests.test_leadforge_api.TestAuth" name="test_me_with_bad_token" time="0.044" /><testcase classname="backend.tests.test_leadforge_api.TestAuth" name="test_me_returns_user" time="0.045" /><testcase classname="backend.tests.test_leadforge_api.TestAuth" name="test_profile_update_sets_onboarded" time="0.047" /><testcase classname="backend.tests.test_leadforge_api.TestAuth" name="test_toggle_premium" time="0.092" /><testcase classname="backend.tests.test_leadforge_api.TestAuth" name="test_check_in_streak" time="0.044" /><testcase classname="backend.tests.test_leadforge_api.TestLeads" name="test_fetch_returns_leads" time="7.987" /><testcase classname="backend.tests.test_leadforge_api.TestLeads" name="test_fetch_lead_shape" time="0.000" /><testcase classname="backend.tests.test_leadforge_api.TestLeads" name="test_feed_endpoint" time="0.059" /><testcase classname="backend.tests.test_leadforge_api.TestLeads" name="test_lead_detail" time="0.048" /><testcase classname="backend.tests.test_leadforge_api.TestLeads" name="test_lead_detail_404" time="0.045" /><testcase classname="backend.tests.test_leadforge_api.TestLeads" name="test_generate_message" time="2.500" /><testcase classname="backend.tests.test_leadforge_api.TestCRM" name="test_save_lead" time="0.094" /><testcase classname="backend.tests.test_leadforge_api.TestCRM" name="test_update_lead_status" time="0.048" /><testcase classname="backend.tests.test_leadforge_api.TestCRM" name="test_list_user_leads" time="0.044" /><testcase classname="backend.tests.test_leadforge_api.TestInvoices" name="test_create_and_list_invoice" time="0.121" /><testcase classname="backend.tests.test_leadforge_api.TestStats" name="test_my_stats" time="0.046" /><testcase classname="backend.tests.test_leadforge_api.TestStats" name="test_leaderboard" time="0.045" /><testcase classname="backend.tests.test_leadforge_api.TestAuthProtection" name="test_endpoint_requires_auth[get-/auth/me]" time="0.043" /><testcase classname="backend.tests.test_leadforge_api.TestAuthProtection" name="test_endpoint_requires_auth[put-/auth/profile]" time="0.041" /><testcase classname="backend.tests.test_leadforge_api.TestAuthProtection" name="test_endpoint_requires_auth[post-/auth/toggle-premium]" time="0.049" /><testcase classname="backend.tests.test_leadforge_api.TestAuthProtection" name="test_endpoint_requires_auth[post-/auth/check-in]" time="0.045" /><testcase classname="backend.tests.test_leadforge_api.TestAuthProtection" name="test_endpoint_requires_auth[post-/leads/fetch]" time="0.044" /><testcase classname="backend.tests.test_leadforge_api.TestAuthProtection" name="test_endpoint_requires_auth[get-/leads/feed]" time="0.041" /><testcase classname="backend.tests.test_leadforge_api.TestAuthProtection" name="test_endpoint_requires_auth[post-/leads/generate-message]" time="0.044" /><testcase classname="backend.tests.test_leadforge_api.TestAuthProtection" name="test_endpoint_requires_auth[get-/userleads]" time="0.042" /><testcase classname="backend.tests.test_leadforge_api.TestAuthProtection" name="test_endpoint_requires_auth[post-/userleads]" time="0.042" /><testcase classname="backend.tests.test_leadforge_api.TestAuthProtection" name="test_endpoint_requires_auth[get-/invoices]" time="0.044" /><testcase classname="backend.tests.test_leadforge_api.TestAuthProtection" name="test_endpoint_requires_auth[post-/invoices]" time="0.043" /><testcase classname="backend.tests.test_leadforge_api.TestAuthProtection" name="test_endpoint_requires_auth[get-/stats/me]" time="0.043" /><testcase classname="backend.tests.test_leadforge_api.TestAuthProtection" name="test_endpoint_requires_auth[get-/leaderboard]" time="0.043" /></testsuite></testsuites>